{
  "Cucumber Features": {
    "coverage": {
      "C:/Proyecto/ProyectoIngeniriaSoftware/app.rb": {
        "lines": [
          1,
          1,
          1,
          1,
          1,
          null,
          1,
          306,
          null,
          null,
          1,
          8,
          8,
          8,
          8,
          8,
          null,
          1,
          3,
          null,
          null,
          1,
          2,
          null,
          null,
          1,
          0,
          null,
          null,
          1,
          0,
          null,
          null,
          null,
          1,
          0,
          null,
          null,
          1,
          0,
          null,
          1,
          2,
          null,
          1,
          2,
          null,
          null
        ]
      },
      "C:/Proyecto/ProyectoIngeniriaSoftware/lib/TorosVacas.rb": {
        "lines": [
          1,
          null,
          1,
          8,
          8,
          8,
          8,
          8,
          8,
          null,
          null,
          null,
          1,
          0,
          null,
          null,
          1,
          0,
          null,
          null,
          null,
          1,
          0,
          null,
          null,
          null,
          1,
          0,
          null,
          1,
          30,
          null,
          1,
          0,
          null,
          null,
          null,
          null,
          1,
          2,
          null,
          null,
          1,
          0,
          null,
          1,
          3,
          null,
          1,
          3,
          null,
          null,
          null,
          null,
          1,
          0,
          0,
          null,
          null,
          0,
          0,
          null,
          null,
          1,
          0,
          0,
          0,
          0,
          0,
          0,
          null,
          null,
          null,
          null,
          1,
          0,
          0,
          0,
          0,
          0,
          0,
          0,
          0,
          0,
          null,
          null,
          null,
          null,
          0,
          0,
          0,
          0,
          0,
          null,
          null,
          null,
          0,
          null,
          null,
          1,
          0,
          null,
          null,
          1,
          null,
          0,
          0,
          0,
          0,
          0,
          0,
          null,
          null,
          null,
          null,
          null
        ]
      },
      "C:/Proyecto/ProyectoIngeniriaSoftware/lib/cronometro.rb": {
        "lines": [
          1,
          1,
          2,
          null,
          null,
          1,
          0,
          0,
          null,
          null,
          null
        ]
      },
      "C:/Proyecto/ProyectoIngeniriaSoftware/lib/jugador.rb": {
        "lines": [
          1,
          1,
          16,
          16,
          16,
          16,
          null,
          1,
          0,
          null,
          1,
          0,
          null,
          1,
          0,
          null,
          1,
          0,
          null,
          1,
          0,
          null,
          1,
          0,
          null,
          1,
          0,
          null,
          1,
          0,
          null,
          null,
          null,
          null
        ]
      },
      "C:/Proyecto/ProyectoIngeniriaSoftware/lib/jugadores.rb": {
        "lines": [
          1,
          1,
          306,
          null,
          1,
          0,
          null,
          1,
          0,
          null,
          1,
          0,
          0,
          0,
          0,
          null,
          null,
          null,
          null,
          1,
          0,
          null,
          null,
          null,
          null,
          null,
          null,
          null
        ]
      },
      "C:/Proyecto/ProyectoIngeniriaSoftware/features/step_definitions/codigoSecreto_steps.rb": {
        "lines": [
          1,
          1,
          null,
          null,
          1,
          4,
          null,
          null,
          1,
          1,
          null,
          null,
          null,
          null,
          null,
          null,
          null,
          null,
          null,
          null,
          null,
          null,
          null,
          null
        ]
      },
      "C:/Proyecto/ProyectoIngeniriaSoftware/features/step_definitions/dificultad_steps.rb": {
        "lines": [
          1,
          3,
          null,
          null,
          1,
          3,
          null,
          null,
          1,
          3,
          null,
          null,
          1,
          3,
          null
        ]
      },
      "C:/Proyecto/ProyectoIngeniriaSoftware/features/step_definitions/generarCodigoAleatorio_steps.rb": {
        "lines": [
          1,
          1,
          null,
          null,
          1,
          1,
          null
        ]
      },
      "C:/Proyecto/ProyectoIngeniriaSoftware/features/step_definitions/resultadoJuegoGano_steps.rb": {
        "lines": [
          1,
          1,
          null,
          null,
          1,
          1,
          null
        ]
      },
      "C:/Proyecto/ProyectoIngeniriaSoftware/features/step_definitions/resultadoJuegoPerdio_steps.rb": {
        "lines": [
          1,
          1,
          null,
          null,
          1,
          1,
          null
        ]
      },
      "C:/Proyecto/ProyectoIngeniriaSoftware/features/step_definitions/template_steps.rb": {
        "lines": [
          1,
          0,
          null,
          null,
          1,
          0,
          null,
          null,
          1,
          0,
          null,
          null,
          1,
          0,
          null,
          null,
          1,
          0,
          null,
          null,
          1,
          0,
          null,
          null,
          1,
          0,
          null,
          null,
          null,
          null,
          1,
          null,
          0,
          null,
          0,
          0,
          null,
          null
        ]
      }
    },
    "timestamp": 1592295808
  },
  "RSpec": {
    "coverage": {
      "C:/Proyecto/ProyectoIngeniriaSoftware/spec/TorosVacas_spec.rb": {
        "lines": [
          null,
          1,
          null,
          1,
          1,
          1,
          null,
          1,
          1,
          null,
          1,
          1,
          null,
          1,
          1,
          null,
          1,
          1,
          null,
          null,
          1,
          1,
          1,
          1,
          1,
          null,
          1,
          1,
          null,
          1,
          1,
          1,
          1,
          1,
          null,
          1,
          1,
          1,
          1,
          1,
          null,
          1,
          1,
          1,
          1,
          1,
          null,
          null,
          1,
          1,
          10,
          null,
          1,
          null,
          null,
          1,
          1,
          1,
          null,
          null,
          1,
          1,
          null,
          1,
          1,
          1,
          null,
          1,
          1,
          1,
          1,
          1,
          null,
          1,
          1,
          1,
          1,
          1,
          null,
          1,
          1,
          null,
          1,
          null,
          1,
          1,
          1,
          1,
          1,
          null,
          null,
          null
        ]
      },
      "C:/Proyecto/ProyectoIngeniriaSoftware/lib/TorosVacas.rb": {
        "lines": [
          1,
          null,
          1,
          1,
          1,
          1,
          1,
          1,
          1,
          null,
          null,
          null,
          1,
          2,
          null,
          null,
          1,
          3,
          null,
          null,
          null,
          1,
          3,
          null,
          null,
          null,
          1,
          1,
          null,
          1,
          1,
          null,
          1,
          2,
          null,
          null,
          null,
          null,
          1,
          4,
          null,
          null,
          1,
          14,
          null,
          1,
          3,
          null,
          1,
          1,
          null,
          null,
          null,
          null,
          1,
          14,
          14,
          null,
          null,
          14,
          14,
          null,
          null,
          1,
          16,
          16,
          16,
          74,
          50,
          50,
          null,
          null,
          null,
          null,
          1,
          16,
          16,
          16,
          16,
          74,
          372,
          298,
          24,
          24,
          null,
          null,
          null,
          null,
          16,
          74,
          298,
          2,
          2,
          null,
          null,
          null,
          16,
          null,
          null,
          1,
          1,
          null,
          null,
          1,
          null,
          4,
          1,
          3,
          1,
          2,
          2,
          null,
          null,
          null,
          null,
          null
        ]
      },
      "C:/Proyecto/ProyectoIngeniriaSoftware/spec/cronometro_spec.rb": {
        "lines": [
          1,
          null,
          1,
          1,
          1,
          null,
          null,
          1,
          1,
          null,
          null,
          null
        ]
      },
      "C:/Proyecto/ProyectoIngeniriaSoftware/lib/cronometro.rb": {
        "lines": [
          1,
          1,
          1,
          null,
          null,
          1,
          1,
          1,
          null,
          null,
          null
        ]
      },
      "C:/Proyecto/ProyectoIngeniriaSoftware/spec/jugador_spec.rb": {
        "lines": [
          1,
          null,
          1,
          1,
          1,
          null,
          null,
          1,
          1,
          1,
          null,
          null,
          1,
          1,
          1,
          null,
          null,
          1,
          1,
          1,
          null,
          null,
          1,
          1,
          1,
          null,
          null,
          null
        ]
      },
      "C:/Proyecto/ProyectoIngeniriaSoftware/lib/jugador.rb": {
        "lines": [
          1,
          1,
          3,
          3,
          3,
          3,
          null,
          1,
          3,
          null,
          1,
          3,
          null,
          1,
          3,
          null,
          1,
          1,
          null,
          1,
          1,
          null,
          1,
          1,
          null,
          1,
          1,
          null,
          1,
          9,
          null,
          null,
          null,
          null
        ]
      },
      "C:/Proyecto/ProyectoIngeniriaSoftware/spec/jugadores_spec.rb": {
        "lines": [
          1,
          1,
          null,
          1,
          1,
          1,
          1,
          1,
          1,
          1,
          1,
          1,
          1,
          1,
          null,
          null,
          1,
          1,
          1,
          1,
          null,
          null,
          null,
          1,
          1,
          1,
          null,
          null,
          null
        ]
      },
      "C:/Proyecto/ProyectoIngeniriaSoftware/lib/jugadores.rb": {
        "lines": [
          1,
          1,
          1,
          null,
          1,
          2,
          null,
          1,
          1,
          null,
          1,
          1,
          2,
          4,
          2,
          null,
          null,
          null,
          null,
          1,
          1,
          null,
          null,
          null,
          null,
          null,
          null,
          null
        ]
      }
    },
    "timestamp": 1592295797
  }
}
