{
  "Cucumber Features": {
    "coverage": {
      "/Users/carlos/Documents/Carlos/Ingenieria de Software/Proyecto/app.rb": {
        "lines": [
          1,
          1,
          1,
          105,
          105,
          null,
          1,
          1,
          null,
          1,
          1,
          1,
          null,
          1,
          null,
          0,
          null
        ]
      },
      "/Users/carlos/Documents/Carlos/Ingenieria de Software/Proyecto/lib/TorosVacas.rb": {
        "lines": [
          1,
          1,
          105,
          105,
          105,
          105,
          105,
          105,
          105,
          null,
          null,
          1,
          1,
          1,
          null,
          1,
          1,
          1,
          null,
          1,
          0,
          null,
          1,
          0,
          null,
          1,
          0,
          null,
          1,
          0,
          0,
          0,
          0,
          null,
          1,
          0,
          0,
          0,
          0,
          0,
          0,
          null,
          null,
          null,
          1,
          0,
          0,
          0,
          0,
          0,
          0,
          0,
          0,
          null,
          null,
          null,
          null,
          null,
          1,
          0,
          null,
          null,
          1,
          0,
          null,
          null,
          1,
          0,
          null,
          1,
          null,
          0,
          null,
          null
        ]
      },
      "/Users/carlos/Documents/Carlos/Ingenieria de Software/Proyecto/features/step_definitions/codigoSecreto_steps.rb": {
        "lines": [
          1,
          1,
          null,
          null,
          1,
          4,
          null,
          null,
          1,
          1,
          null,
          null,
          null,
          null,
          null,
          null,
          null,
          null,
          null,
          null,
          null,
          null,
          null,
          null
        ]
      },
      "/Users/carlos/Documents/Carlos/Ingenieria de Software/Proyecto/features/step_definitions/intentoAdivinar_steps.rb": {
        "lines": [
          1,
          1,
          null,
          null,
          1,
          1,
          null,
          null,
          1,
          0,
          null
        ]
      },
      "/Users/carlos/Documents/Carlos/Ingenieria de Software/Proyecto/features/step_definitions/template_steps.rb": {
        "lines": [
          1,
          0,
          null,
          null,
          1,
          0,
          null,
          null,
          1,
          0,
          null,
          null,
          1,
          0,
          null,
          null,
          1,
          0,
          null,
          null,
          1,
          0,
          null,
          null,
          1,
          0,
          null,
          null,
          null,
          null,
          1,
          null,
          0,
          null,
          0,
          0,
          null,
          null
        ]
      }
    },
    "timestamp": 1592169039
  },
  "RSpec": {
    "coverage": {
      "/home/micky/University/Ingenieria de Software/ProyectoIngeniriaSoftware/spec/TorosVacas_spec.rb": {
        "lines": [
          null,
          1,
          null,
          1,
          1,
          1,
          null,
          1,
          1,
          null,
          1,
          1,
          null,
          1,
          1,
          1,
          1,
          1,
          null,
          1,
          1,
          null,
          1,
          1,
          1,
          1,
          1,
          null,
          1,
          1,
          1,
          1,
          1,
          null,
          1,
          1,
          1,
          1,
          1,
          null,
          1,
          1,
          10,
          null,
          1,
          null,
          1,
          1,
          1,
          null,
          1,
          1,
          null,
          1,
          null,
          null
        ]
      },
      "/home/micky/University/Ingenieria de Software/ProyectoIngeniriaSoftware/lib/TorosVacas.rb": {
        "lines": [
          1,
          null,
          1,
          1,
          1,
          1,
          1,
          null,
          null,
          null,
          1,
          1,
          null,
          null,
          1,
          3,
          null,
          null,
          null,
          1,
          3,
          null,
          null,
          null,
          1,
          1,
          null,
          null,
          null,
          null,
          1,
          1,
          null,
          null,
          1,
          11,
          null,
          null,
          null,
          null,
          1,
          11,
          11,
          11,
          11,
          null,
          null,
          1,
          13,
          13,
          13,
          52,
          30,
          30,
          null,
          null,
          null,
          null,
          1,
          13,
          13,
          13,
          52,
          208,
          156,
          22,
          22,
          null,
          null,
          null,
          null,
          null,
          null,
          1,
          1,
          null,
          null,
          1,
          null,
          1,
          null,
          null,
          null
        ]
      }
    },
    "timestamp": 1592172662
  }
}
